The system is: Linux - 3.13.0-55-generic - i686
Compiling the C compiler identification source file "CMakeCCompilerId.c" succeeded.
Compiler: /usr/bin/cc 
Build flags: 
Id flags: 

The output was:
0


Compilation of the C compiler identification source "CMakeCCompilerId.c" produced "a.out"

The C compiler identification is GNU, found in "/home/christian/Dropbox/Programmierung/git/seegurke/build/CMakeFiles/2.8.12.2/CompilerIdC/a.out"

Compiling the CXX compiler identification source file "CMakeCXXCompilerId.cpp" succeeded.
Compiler: /usr/bin/clang++ 
Build flags: 
Id flags: 

The output was:
0


Compilation of the CXX compiler identification source "CMakeCXXCompilerId.cpp" produced "a.out"

The CXX compiler identification is Clang, found in "/home/christian/Dropbox/Programmierung/git/seegurke/build/CMakeFiles/2.8.12.2/CompilerIdCXX/a.out"

Determining if the C compiler works passed with the following output:
Change Dir: /home/christian/Dropbox/Programmierung/git/seegurke/build/CMakeFiles/CMakeTmp

Run Build Command:/usr/bin/make "cmTryCompileExec844636981/fast"
/usr/bin/make -f CMakeFiles/cmTryCompileExec844636981.dir/build.make CMakeFiles/cmTryCompileExec844636981.dir/build
make[1]: Verzeichnis »/home/christian/Dropbox/Programmierung/git/seegurke/build/CMakeFiles/CMakeTmp« wird betreten
/usr/bin/cmake -E cmake_progress_report /home/christian/Dropbox/Programmierung/git/seegurke/build/CMakeFiles/CMakeTmp/CMakeFiles 1
Building C object CMakeFiles/cmTryCompileExec844636981.dir/testCCompiler.c.o
/usr/bin/cc    -o CMakeFiles/cmTryCompileExec844636981.dir/testCCompiler.c.o   -c /home/christian/Dropbox/Programmierung/git/seegurke/build/CMakeFiles/CMakeTmp/testCCompiler.c
Linking C executable cmTryCompileExec844636981
/usr/bin/cmake -E cmake_link_script CMakeFiles/cmTryCompileExec844636981.dir/link.txt --verbose=1
/usr/bin/cc       CMakeFiles/cmTryCompileExec844636981.dir/testCCompiler.c.o  -o cmTryCompileExec844636981 -rdynamic 
make[1]: Verzeichnis »/home/christian/Dropbox/Programmierung/git/seegurke/build/CMakeFiles/CMakeTmp« wird verlassen


Detecting C compiler ABI info compiled with the following output:
Change Dir: /home/christian/Dropbox/Programmierung/git/seegurke/build/CMakeFiles/CMakeTmp

Run Build Command:/usr/bin/make "cmTryCompileExec4024032707/fast"
/usr/bin/make -f CMakeFiles/cmTryCompileExec4024032707.dir/build.make CMakeFiles/cmTryCompileExec4024032707.dir/build
make[1]: Verzeichnis »/home/christian/Dropbox/Programmierung/git/seegurke/build/CMakeFiles/CMakeTmp« wird betreten
/usr/bin/cmake -E cmake_progress_report /home/christian/Dropbox/Programmierung/git/seegurke/build/CMakeFiles/CMakeTmp/CMakeFiles 1
Building C object CMakeFiles/cmTryCompileExec4024032707.dir/CMakeCCompilerABI.c.o
/usr/bin/cc    -o CMakeFiles/cmTryCompileExec4024032707.dir/CMakeCCompilerABI.c.o   -c /usr/share/cmake-2.8/Modules/CMakeCCompilerABI.c
Linking C executable cmTryCompileExec4024032707
/usr/bin/cmake -E cmake_link_script CMakeFiles/cmTryCompileExec4024032707.dir/link.txt --verbose=1
/usr/bin/cc     -v CMakeFiles/cmTryCompileExec4024032707.dir/CMakeCCompilerABI.c.o  -o cmTryCompileExec4024032707 -rdynamic  
Using built-in specs.
COLLECT_GCC=/usr/bin/cc
COLLECT_LTO_WRAPPER=/usr/lib/gcc/i686-linux-gnu/4.8/lto-wrapper
Target: i686-linux-gnu
Configured with: ../src/configure -v --with-pkgversion='Ubuntu 4.8.4-2ubuntu1~14.04' --with-bugurl=file:///usr/share/doc/gcc-4.8/README.Bugs --enable-languages=c,c++,java,go,d,fortran,objc,obj-c++ --prefix=/usr --program-suffix=-4.8 --enable-shared --enable-linker-build-id --libexecdir=/usr/lib --without-included-gettext --enable-threads=posix --with-gxx-include-dir=/usr/include/c++/4.8 --libdir=/usr/lib --enable-nls --with-sysroot=/ --enable-clocale=gnu --enable-libstdcxx-debug --enable-libstdcxx-time=yes --enable-gnu-unique-object --disable-libmudflap --enable-plugin --with-system-zlib --disable-browser-plugin --enable-java-awt=gtk --enable-gtk-cairo --with-java-home=/usr/lib/jvm/java-1.5.0-gcj-4.8-i386/jre --enable-java-home --with-jvm-root-dir=/usr/lib/jvm/java-1.5.0-gcj-4.8-i386 --with-jvm-jar-dir=/usr/lib/jvm-exports/java-1.5.0-gcj-4.8-i386 --with-arch-directory=i386 --with-ecj-jar=/usr/share/java/eclipse-ecj.jar --enable-objc-gc --enable-targets=all --enable-multiarch --disable-werror --with-arch-32=i686 --with-multilib-list=m32,m64,mx32 --with-tune=generic --enable-checking=release --build=i686-linux-gnu --host=i686-linux-gnu --target=i686-linux-gnu
Thread model: posix
gcc version 4.8.4 (Ubuntu 4.8.4-2ubuntu1~14.04) 
COMPILER_PATH=/usr/lib/gcc/i686-linux-gnu/4.8/:/usr/lib/gcc/i686-linux-gnu/4.8/:/usr/lib/gcc/i686-linux-gnu/:/usr/lib/gcc/i686-linux-gnu/4.8/:/usr/lib/gcc/i686-linux-gnu/
LIBRARY_PATH=/usr/lib/gcc/i686-linux-gnu/4.8/:/usr/lib/gcc/i686-linux-gnu/4.8/../../../i386-linux-gnu/:/usr/lib/gcc/i686-linux-gnu/4.8/../../../../lib/:/lib/i386-linux-gnu/:/lib/../lib/:/usr/lib/i386-linux-gnu/:/usr/lib/../lib/:/usr/lib/gcc/i686-linux-gnu/4.8/../../../:/lib/:/usr/lib/
COLLECT_GCC_OPTIONS='-v' '-o' 'cmTryCompileExec4024032707' '-rdynamic' '-mtune=generic' '-march=i686'
 /usr/lib/gcc/i686-linux-gnu/4.8/collect2 --sysroot=/ --build-id --eh-frame-hdr -m elf_i386 --hash-style=gnu --as-needed -export-dynamic -dynamic-linker /lib/ld-linux.so.2 -z relro -o cmTryCompileExec4024032707 /usr/lib/gcc/i686-linux-gnu/4.8/../../../i386-linux-gnu/crt1.o /usr/lib/gcc/i686-linux-gnu/4.8/../../../i386-linux-gnu/crti.o /usr/lib/gcc/i686-linux-gnu/4.8/crtbegin.o -L/usr/lib/gcc/i686-linux-gnu/4.8 -L/usr/lib/gcc/i686-linux-gnu/4.8/../../../i386-linux-gnu -L/usr/lib/gcc/i686-linux-gnu/4.8/../../../../lib -L/lib/i386-linux-gnu -L/lib/../lib -L/usr/lib/i386-linux-gnu -L/usr/lib/../lib -L/usr/lib/gcc/i686-linux-gnu/4.8/../../.. CMakeFiles/cmTryCompileExec4024032707.dir/CMakeCCompilerABI.c.o -lgcc --as-needed -lgcc_s --no-as-needed -lc -lgcc --as-needed -lgcc_s --no-as-needed /usr/lib/gcc/i686-linux-gnu/4.8/crtend.o /usr/lib/gcc/i686-linux-gnu/4.8/../../../i386-linux-gnu/crtn.o
make[1]: Verzeichnis »/home/christian/Dropbox/Programmierung/git/seegurke/build/CMakeFiles/CMakeTmp« wird verlassen


Parsed C implicit link information from above output:
  link line regex: [^( *|.*[/\])(ld|([^/\]+-)?ld|collect2)[^/\]*( |$)]
  ignore line: [Change Dir: /home/christian/Dropbox/Programmierung/git/seegurke/build/CMakeFiles/CMakeTmp]
  ignore line: []
  ignore line: [Run Build Command:/usr/bin/make "cmTryCompileExec4024032707/fast"]
  ignore line: [/usr/bin/make -f CMakeFiles/cmTryCompileExec4024032707.dir/build.make CMakeFiles/cmTryCompileExec4024032707.dir/build]
  ignore line: [make[1]: Verzeichnis »/home/christian/Dropbox/Programmierung/git/seegurke/build/CMakeFiles/CMakeTmp« wird betreten]
  ignore line: [/usr/bin/cmake -E cmake_progress_report /home/christian/Dropbox/Programmierung/git/seegurke/build/CMakeFiles/CMakeTmp/CMakeFiles 1]
  ignore line: [Building C object CMakeFiles/cmTryCompileExec4024032707.dir/CMakeCCompilerABI.c.o]
  ignore line: [/usr/bin/cc    -o CMakeFiles/cmTryCompileExec4024032707.dir/CMakeCCompilerABI.c.o   -c /usr/share/cmake-2.8/Modules/CMakeCCompilerABI.c]
  ignore line: [Linking C executable cmTryCompileExec4024032707]
  ignore line: [/usr/bin/cmake -E cmake_link_script CMakeFiles/cmTryCompileExec4024032707.dir/link.txt --verbose=1]
  ignore line: [/usr/bin/cc     -v CMakeFiles/cmTryCompileExec4024032707.dir/CMakeCCompilerABI.c.o  -o cmTryCompileExec4024032707 -rdynamic  ]
  ignore line: [Using built-in specs.]
  ignore line: [COLLECT_GCC=/usr/bin/cc]
  ignore line: [COLLECT_LTO_WRAPPER=/usr/lib/gcc/i686-linux-gnu/4.8/lto-wrapper]
  ignore line: [Target: i686-linux-gnu]
  ignore line: [Configured with: ../src/configure -v --with-pkgversion='Ubuntu 4.8.4-2ubuntu1~14.04' --with-bugurl=file:///usr/share/doc/gcc-4.8/README.Bugs --enable-languages=c,c++,java,go,d,fortran,objc,obj-c++ --prefix=/usr --program-suffix=-4.8 --enable-shared --enable-linker-build-id --libexecdir=/usr/lib --without-included-gettext --enable-threads=posix --with-gxx-include-dir=/usr/include/c++/4.8 --libdir=/usr/lib --enable-nls --with-sysroot=/ --enable-clocale=gnu --enable-libstdcxx-debug --enable-libstdcxx-time=yes --enable-gnu-unique-object --disable-libmudflap --enable-plugin --with-system-zlib --disable-browser-plugin --enable-java-awt=gtk --enable-gtk-cairo --with-java-home=/usr/lib/jvm/java-1.5.0-gcj-4.8-i386/jre --enable-java-home --with-jvm-root-dir=/usr/lib/jvm/java-1.5.0-gcj-4.8-i386 --with-jvm-jar-dir=/usr/lib/jvm-exports/java-1.5.0-gcj-4.8-i386 --with-arch-directory=i386 --with-ecj-jar=/usr/share/java/eclipse-ecj.jar --enable-objc-gc --enable-targets=all --enable-multiarch --disable-werror --with-arch-32=i686 --with-multilib-list=m32,m64,mx32 --with-tune=generic --enable-checking=release --build=i686-linux-gnu --host=i686-linux-gnu --target=i686-linux-gnu]
  ignore line: [Thread model: posix]
  ignore line: [gcc version 4.8.4 (Ubuntu 4.8.4-2ubuntu1~14.04) ]
  ignore line: [COMPILER_PATH=/usr/lib/gcc/i686-linux-gnu/4.8/:/usr/lib/gcc/i686-linux-gnu/4.8/:/usr/lib/gcc/i686-linux-gnu/:/usr/lib/gcc/i686-linux-gnu/4.8/:/usr/lib/gcc/i686-linux-gnu/]
  ignore line: [LIBRARY_PATH=/usr/lib/gcc/i686-linux-gnu/4.8/:/usr/lib/gcc/i686-linux-gnu/4.8/../../../i386-linux-gnu/:/usr/lib/gcc/i686-linux-gnu/4.8/../../../../lib/:/lib/i386-linux-gnu/:/lib/../lib/:/usr/lib/i386-linux-gnu/:/usr/lib/../lib/:/usr/lib/gcc/i686-linux-gnu/4.8/../../../:/lib/:/usr/lib/]
  ignore line: [COLLECT_GCC_OPTIONS='-v' '-o' 'cmTryCompileExec4024032707' '-rdynamic' '-mtune=generic' '-march=i686']
  link line: [ /usr/lib/gcc/i686-linux-gnu/4.8/collect2 --sysroot=/ --build-id --eh-frame-hdr -m elf_i386 --hash-style=gnu --as-needed -export-dynamic -dynamic-linker /lib/ld-linux.so.2 -z relro -o cmTryCompileExec4024032707 /usr/lib/gcc/i686-linux-gnu/4.8/../../../i386-linux-gnu/crt1.o /usr/lib/gcc/i686-linux-gnu/4.8/../../../i386-linux-gnu/crti.o /usr/lib/gcc/i686-linux-gnu/4.8/crtbegin.o -L/usr/lib/gcc/i686-linux-gnu/4.8 -L/usr/lib/gcc/i686-linux-gnu/4.8/../../../i386-linux-gnu -L/usr/lib/gcc/i686-linux-gnu/4.8/../../../../lib -L/lib/i386-linux-gnu -L/lib/../lib -L/usr/lib/i386-linux-gnu -L/usr/lib/../lib -L/usr/lib/gcc/i686-linux-gnu/4.8/../../.. CMakeFiles/cmTryCompileExec4024032707.dir/CMakeCCompilerABI.c.o -lgcc --as-needed -lgcc_s --no-as-needed -lc -lgcc --as-needed -lgcc_s --no-as-needed /usr/lib/gcc/i686-linux-gnu/4.8/crtend.o /usr/lib/gcc/i686-linux-gnu/4.8/../../../i386-linux-gnu/crtn.o]
    arg [/usr/lib/gcc/i686-linux-gnu/4.8/collect2] ==> ignore
    arg [--sysroot=/] ==> ignore
    arg [--build-id] ==> ignore
    arg [--eh-frame-hdr] ==> ignore
    arg [-m] ==> ignore
    arg [elf_i386] ==> ignore
    arg [--hash-style=gnu] ==> ignore
    arg [--as-needed] ==> ignore
    arg [-export-dynamic] ==> ignore
    arg [-dynamic-linker] ==> ignore
    arg [/lib/ld-linux.so.2] ==> ignore
    arg [-zrelro] ==> ignore
    arg [-o] ==> ignore
    arg [cmTryCompileExec4024032707] ==> ignore
    arg [/usr/lib/gcc/i686-linux-gnu/4.8/../../../i386-linux-gnu/crt1.o] ==> ignore
    arg [/usr/lib/gcc/i686-linux-gnu/4.8/../../../i386-linux-gnu/crti.o] ==> ignore
    arg [/usr/lib/gcc/i686-linux-gnu/4.8/crtbegin.o] ==> ignore
    arg [-L/usr/lib/gcc/i686-linux-gnu/4.8] ==> dir [/usr/lib/gcc/i686-linux-gnu/4.8]
    arg [-L/usr/lib/gcc/i686-linux-gnu/4.8/../../../i386-linux-gnu] ==> dir [/usr/lib/gcc/i686-linux-gnu/4.8/../../../i386-linux-gnu]
    arg [-L/usr/lib/gcc/i686-linux-gnu/4.8/../../../../lib] ==> dir [/usr/lib/gcc/i686-linux-gnu/4.8/../../../../lib]
    arg [-L/lib/i386-linux-gnu] ==> dir [/lib/i386-linux-gnu]
    arg [-L/lib/../lib] ==> dir [/lib/../lib]
    arg [-L/usr/lib/i386-linux-gnu] ==> dir [/usr/lib/i386-linux-gnu]
    arg [-L/usr/lib/../lib] ==> dir [/usr/lib/../lib]
    arg [-L/usr/lib/gcc/i686-linux-gnu/4.8/../../..] ==> dir [/usr/lib/gcc/i686-linux-gnu/4.8/../../..]
    arg [CMakeFiles/cmTryCompileExec4024032707.dir/CMakeCCompilerABI.c.o] ==> ignore
    arg [-lgcc] ==> lib [gcc]
    arg [--as-needed] ==> ignore
    arg [-lgcc_s] ==> lib [gcc_s]
    arg [--no-as-needed] ==> ignore
    arg [-lc] ==> lib [c]
    arg [-lgcc] ==> lib [gcc]
    arg [--as-needed] ==> ignore
    arg [-lgcc_s] ==> lib [gcc_s]
    arg [--no-as-needed] ==> ignore
    arg [/usr/lib/gcc/i686-linux-gnu/4.8/crtend.o] ==> ignore
    arg [/usr/lib/gcc/i686-linux-gnu/4.8/../../../i386-linux-gnu/crtn.o] ==> ignore
  remove lib [gcc]
  remove lib [gcc_s]
  remove lib [gcc]
  remove lib [gcc_s]
  collapse library dir [/usr/lib/gcc/i686-linux-gnu/4.8] ==> [/usr/lib/gcc/i686-linux-gnu/4.8]
  collapse library dir [/usr/lib/gcc/i686-linux-gnu/4.8/../../../i386-linux-gnu] ==> [/usr/lib/i386-linux-gnu]
  collapse library dir [/usr/lib/gcc/i686-linux-gnu/4.8/../../../../lib] ==> [/usr/lib]
  collapse library dir [/lib/i386-linux-gnu] ==> [/lib/i386-linux-gnu]
  collapse library dir [/lib/../lib] ==> [/lib]
  collapse library dir [/usr/lib/i386-linux-gnu] ==> [/usr/lib/i386-linux-gnu]
  collapse library dir [/usr/lib/../lib] ==> [/usr/lib]
  collapse library dir [/usr/lib/gcc/i686-linux-gnu/4.8/../../..] ==> [/usr/lib]
  implicit libs: [c]
  implicit dirs: [/usr/lib/gcc/i686-linux-gnu/4.8;/usr/lib/i386-linux-gnu;/usr/lib;/lib/i386-linux-gnu;/lib]
  implicit fwks: []


Determining if the CXX compiler works passed with the following output:
Change Dir: /home/christian/Dropbox/Programmierung/git/seegurke/build/CMakeFiles/CMakeTmp

Run Build Command:/usr/bin/make "cmTryCompileExec2967243640/fast"
/usr/bin/make -f CMakeFiles/cmTryCompileExec2967243640.dir/build.make CMakeFiles/cmTryCompileExec2967243640.dir/build
make[1]: Verzeichnis »/home/christian/Dropbox/Programmierung/git/seegurke/build/CMakeFiles/CMakeTmp« wird betreten
/usr/bin/cmake -E cmake_progress_report /home/christian/Dropbox/Programmierung/git/seegurke/build/CMakeFiles/CMakeTmp/CMakeFiles 1
Building CXX object CMakeFiles/cmTryCompileExec2967243640.dir/testCXXCompiler.cxx.o
/usr/bin/clang++     -o CMakeFiles/cmTryCompileExec2967243640.dir/testCXXCompiler.cxx.o -c /home/christian/Dropbox/Programmierung/git/seegurke/build/CMakeFiles/CMakeTmp/testCXXCompiler.cxx
Linking CXX executable cmTryCompileExec2967243640
/usr/bin/cmake -E cmake_link_script CMakeFiles/cmTryCompileExec2967243640.dir/link.txt --verbose=1
/usr/bin/clang++        CMakeFiles/cmTryCompileExec2967243640.dir/testCXXCompiler.cxx.o  -o cmTryCompileExec2967243640 -rdynamic 
make[1]: Verzeichnis »/home/christian/Dropbox/Programmierung/git/seegurke/build/CMakeFiles/CMakeTmp« wird verlassen


Detecting CXX compiler ABI info compiled with the following output:
Change Dir: /home/christian/Dropbox/Programmierung/git/seegurke/build/CMakeFiles/CMakeTmp

Run Build Command:/usr/bin/make "cmTryCompileExec3288741341/fast"
/usr/bin/make -f CMakeFiles/cmTryCompileExec3288741341.dir/build.make CMakeFiles/cmTryCompileExec3288741341.dir/build
make[1]: Verzeichnis »/home/christian/Dropbox/Programmierung/git/seegurke/build/CMakeFiles/CMakeTmp« wird betreten
/usr/bin/cmake -E cmake_progress_report /home/christian/Dropbox/Programmierung/git/seegurke/build/CMakeFiles/CMakeTmp/CMakeFiles 1
Building CXX object CMakeFiles/cmTryCompileExec3288741341.dir/CMakeCXXCompilerABI.cpp.o
/usr/bin/clang++     -o CMakeFiles/cmTryCompileExec3288741341.dir/CMakeCXXCompilerABI.cpp.o -c /usr/share/cmake-2.8/Modules/CMakeCXXCompilerABI.cpp
Linking CXX executable cmTryCompileExec3288741341
/usr/bin/cmake -E cmake_link_script CMakeFiles/cmTryCompileExec3288741341.dir/link.txt --verbose=1
/usr/bin/clang++      -v CMakeFiles/cmTryCompileExec3288741341.dir/CMakeCXXCompilerABI.cpp.o  -o cmTryCompileExec3288741341 -rdynamic  
Ubuntu clang version 3.5.0-4ubuntu2~trusty2 (tags/RELEASE_350/final) (based on LLVM 3.5.0)
Target: i386-pc-linux-gnu
Thread model: posix
Found candidate GCC installation: /usr/bin/../lib/gcc/i686-linux-gnu/4.8
Found candidate GCC installation: /usr/bin/../lib/gcc/i686-linux-gnu/4.8.4
Found candidate GCC installation: /usr/bin/../lib/gcc/i686-linux-gnu/4.9
Found candidate GCC installation: /usr/bin/../lib/gcc/i686-linux-gnu/4.9.2
Found candidate GCC installation: /usr/lib/gcc/i686-linux-gnu/4.8
Found candidate GCC installation: /usr/lib/gcc/i686-linux-gnu/4.8.4
Found candidate GCC installation: /usr/lib/gcc/i686-linux-gnu/4.9
Found candidate GCC installation: /usr/lib/gcc/i686-linux-gnu/4.9.2
Selected GCC installation: /usr/bin/../lib/gcc/i686-linux-gnu/4.8
Candidate multilib: .;@m32
Selected multilib: .;@m32
 "/usr/bin/ld" -export-dynamic -z relro --hash-style=gnu --build-id --eh-frame-hdr -m elf_i386 -dynamic-linker /lib/ld-linux.so.2 -o cmTryCompileExec3288741341 /usr/bin/../lib/gcc/i686-linux-gnu/4.8/../../../i386-linux-gnu/crt1.o /usr/bin/../lib/gcc/i686-linux-gnu/4.8/../../../i386-linux-gnu/crti.o /usr/bin/../lib/gcc/i686-linux-gnu/4.8/crtbegin.o -L/usr/bin/../lib/gcc/i686-linux-gnu/4.8 -L/usr/bin/../lib/gcc/i686-linux-gnu/4.8/../../../i386-linux-gnu -L/lib/i386-linux-gnu -L/usr/lib/i386-linux-gnu -L/usr/bin/../lib/gcc/i686-linux-gnu/4.8/../../.. -L/usr/lib/llvm-3.5/bin/../lib -L/lib -L/usr/lib CMakeFiles/cmTryCompileExec3288741341.dir/CMakeCXXCompilerABI.cpp.o -lstdc++ -lm -lgcc_s -lgcc -lc -lgcc_s -lgcc /usr/bin/../lib/gcc/i686-linux-gnu/4.8/crtend.o /usr/bin/../lib/gcc/i686-linux-gnu/4.8/../../../i386-linux-gnu/crtn.o
make[1]: Verzeichnis »/home/christian/Dropbox/Programmierung/git/seegurke/build/CMakeFiles/CMakeTmp« wird verlassen


Parsed CXX implicit link information from above output:
  link line regex: [^( *|.*[/\])(ld|([^/\]+-)?ld|collect2)[^/\]*( |$)]
  ignore line: [Change Dir: /home/christian/Dropbox/Programmierung/git/seegurke/build/CMakeFiles/CMakeTmp]
  ignore line: []
  ignore line: [Run Build Command:/usr/bin/make "cmTryCompileExec3288741341/fast"]
  ignore line: [/usr/bin/make -f CMakeFiles/cmTryCompileExec3288741341.dir/build.make CMakeFiles/cmTryCompileExec3288741341.dir/build]
  ignore line: [make[1]: Verzeichnis »/home/christian/Dropbox/Programmierung/git/seegurke/build/CMakeFiles/CMakeTmp« wird betreten]
  ignore line: [/usr/bin/cmake -E cmake_progress_report /home/christian/Dropbox/Programmierung/git/seegurke/build/CMakeFiles/CMakeTmp/CMakeFiles 1]
  ignore line: [Building CXX object CMakeFiles/cmTryCompileExec3288741341.dir/CMakeCXXCompilerABI.cpp.o]
  ignore line: [/usr/bin/clang++     -o CMakeFiles/cmTryCompileExec3288741341.dir/CMakeCXXCompilerABI.cpp.o -c /usr/share/cmake-2.8/Modules/CMakeCXXCompilerABI.cpp]
  ignore line: [Linking CXX executable cmTryCompileExec3288741341]
  ignore line: [/usr/bin/cmake -E cmake_link_script CMakeFiles/cmTryCompileExec3288741341.dir/link.txt --verbose=1]
  ignore line: [/usr/bin/clang++      -v CMakeFiles/cmTryCompileExec3288741341.dir/CMakeCXXCompilerABI.cpp.o  -o cmTryCompileExec3288741341 -rdynamic  ]
  ignore line: [Ubuntu clang version 3.5.0-4ubuntu2~trusty2 (tags/RELEASE_350/final) (based on LLVM 3.5.0)]
  ignore line: [Target: i386-pc-linux-gnu]
  ignore line: [Thread model: posix]
  ignore line: [Found candidate GCC installation: /usr/bin/../lib/gcc/i686-linux-gnu/4.8]
  ignore line: [Found candidate GCC installation: /usr/bin/../lib/gcc/i686-linux-gnu/4.8.4]
  ignore line: [Found candidate GCC installation: /usr/bin/../lib/gcc/i686-linux-gnu/4.9]
  ignore line: [Found candidate GCC installation: /usr/bin/../lib/gcc/i686-linux-gnu/4.9.2]
  ignore line: [Found candidate GCC installation: /usr/lib/gcc/i686-linux-gnu/4.8]
  ignore line: [Found candidate GCC installation: /usr/lib/gcc/i686-linux-gnu/4.8.4]
  ignore line: [Found candidate GCC installation: /usr/lib/gcc/i686-linux-gnu/4.9]
  ignore line: [Found candidate GCC installation: /usr/lib/gcc/i686-linux-gnu/4.9.2]
  ignore line: [Selected GCC installation: /usr/bin/../lib/gcc/i686-linux-gnu/4.8]
  ignore line: [Candidate multilib: .]
  ignore line: [@m32]
  ignore line: [Selected multilib: .]
  ignore line: [@m32]
  link line: [ "/usr/bin/ld" -export-dynamic -z relro --hash-style=gnu --build-id --eh-frame-hdr -m elf_i386 -dynamic-linker /lib/ld-linux.so.2 -o cmTryCompileExec3288741341 /usr/bin/../lib/gcc/i686-linux-gnu/4.8/../../../i386-linux-gnu/crt1.o /usr/bin/../lib/gcc/i686-linux-gnu/4.8/../../../i386-linux-gnu/crti.o /usr/bin/../lib/gcc/i686-linux-gnu/4.8/crtbegin.o -L/usr/bin/../lib/gcc/i686-linux-gnu/4.8 -L/usr/bin/../lib/gcc/i686-linux-gnu/4.8/../../../i386-linux-gnu -L/lib/i386-linux-gnu -L/usr/lib/i386-linux-gnu -L/usr/bin/../lib/gcc/i686-linux-gnu/4.8/../../.. -L/usr/lib/llvm-3.5/bin/../lib -L/lib -L/usr/lib CMakeFiles/cmTryCompileExec3288741341.dir/CMakeCXXCompilerABI.cpp.o -lstdc++ -lm -lgcc_s -lgcc -lc -lgcc_s -lgcc /usr/bin/../lib/gcc/i686-linux-gnu/4.8/crtend.o /usr/bin/../lib/gcc/i686-linux-gnu/4.8/../../../i386-linux-gnu/crtn.o]
    arg [/usr/bin/ld] ==> ignore
    arg [-export-dynamic] ==> ignore
    arg [-zrelro] ==> ignore
    arg [--hash-style=gnu] ==> ignore
    arg [--build-id] ==> ignore
    arg [--eh-frame-hdr] ==> ignore
    arg [-m] ==> ignore
    arg [elf_i386] ==> ignore
    arg [-dynamic-linker] ==> ignore
    arg [/lib/ld-linux.so.2] ==> ignore
    arg [-o] ==> ignore
    arg [cmTryCompileExec3288741341] ==> ignore
    arg [/usr/bin/../lib/gcc/i686-linux-gnu/4.8/../../../i386-linux-gnu/crt1.o] ==> ignore
    arg [/usr/bin/../lib/gcc/i686-linux-gnu/4.8/../../../i386-linux-gnu/crti.o] ==> ignore
    arg [/usr/bin/../lib/gcc/i686-linux-gnu/4.8/crtbegin.o] ==> ignore
    arg [-L/usr/bin/../lib/gcc/i686-linux-gnu/4.8] ==> dir [/usr/bin/../lib/gcc/i686-linux-gnu/4.8]
    arg [-L/usr/bin/../lib/gcc/i686-linux-gnu/4.8/../../../i386-linux-gnu] ==> dir [/usr/bin/../lib/gcc/i686-linux-gnu/4.8/../../../i386-linux-gnu]
    arg [-L/lib/i386-linux-gnu] ==> dir [/lib/i386-linux-gnu]
    arg [-L/usr/lib/i386-linux-gnu] ==> dir [/usr/lib/i386-linux-gnu]
    arg [-L/usr/bin/../lib/gcc/i686-linux-gnu/4.8/../../..] ==> dir [/usr/bin/../lib/gcc/i686-linux-gnu/4.8/../../..]
    arg [-L/usr/lib/llvm-3.5/bin/../lib] ==> dir [/usr/lib/llvm-3.5/bin/../lib]
    arg [-L/lib] ==> dir [/lib]
    arg [-L/usr/lib] ==> dir [/usr/lib]
    arg [CMakeFiles/cmTryCompileExec3288741341.dir/CMakeCXXCompilerABI.cpp.o] ==> ignore
    arg [-lstdc++] ==> lib [stdc++]
    arg [-lm] ==> lib [m]
    arg [-lgcc_s] ==> lib [gcc_s]
    arg [-lgcc] ==> lib [gcc]
    arg [-lc] ==> lib [c]
    arg [-lgcc_s] ==> lib [gcc_s]
    arg [-lgcc] ==> lib [gcc]
    arg [/usr/bin/../lib/gcc/i686-linux-gnu/4.8/crtend.o] ==> ignore
    arg [/usr/bin/../lib/gcc/i686-linux-gnu/4.8/../../../i386-linux-gnu/crtn.o] ==> ignore
  remove lib [gcc_s]
  remove lib [gcc]
  remove lib [gcc_s]
  remove lib [gcc]
  collapse library dir [/usr/bin/../lib/gcc/i686-linux-gnu/4.8] ==> [/usr/lib/gcc/i686-linux-gnu/4.8]
  collapse library dir [/usr/bin/../lib/gcc/i686-linux-gnu/4.8/../../../i386-linux-gnu] ==> [/usr/lib/i386-linux-gnu]
  collapse library dir [/lib/i386-linux-gnu] ==> [/lib/i386-linux-gnu]
  collapse library dir [/usr/lib/i386-linux-gnu] ==> [/usr/lib/i386-linux-gnu]
  collapse library dir [/usr/bin/../lib/gcc/i686-linux-gnu/4.8/../../..] ==> [/usr/lib]
  collapse library dir [/usr/lib/llvm-3.5/bin/../lib] ==> [/usr/lib/llvm-3.5/lib]
  collapse library dir [/lib] ==> [/lib]
  collapse library dir [/usr/lib] ==> [/usr/lib]
  implicit libs: [stdc++;m;c]
  implicit dirs: [/usr/lib/gcc/i686-linux-gnu/4.8;/usr/lib/i386-linux-gnu;/lib/i386-linux-gnu;/usr/lib;/usr/lib/llvm-3.5/lib;/lib]
  implicit fwks: []


